<?xml version="1.0" encoding="UTF-8"?>
<!-- Generated by org.testng.reporters.JUnitReportReporter -->
<testsuite hostname="LAPTOP-5KMFOFH9" failures="0" tests="4" name="com.SwagLabs.TestCase.OverviewPageTest" time="0.203" errors="0" timestamp="2023-08-17T20:25:49 IST" skipped="1">
  <testcase classname="com.SwagLabs.TestCase.OverviewPageTest" name="verifyTitle" time="0.017"/>
  <system-out/>
  <testcase classname="com.SwagLabs.TestCase.OverviewPageTest" name="verifySummary" time="0.036"/>
  <system-out/>
  <testcase classname="com.SwagLabs.TestCase.OverviewPageTest" name="verifyFinish" time="0.150"/>
  <system-out/>
  <testcase classname="com.SwagLabs.TestCase.OverviewPageTest" name="verifyCancel">
    <skipped/>
  </testcase> <!-- verifyCancel -->
  <system-out/>
</testsuite> <!-- com.SwagLabs.TestCase.OverviewPageTest -->
