<?xml version="1.0" encoding="UTF-8"?>
<!-- Generated by org.testng.reporters.JUnitReportReporter -->
<testsuite hostname="LAPTOP-5KMFOFH9" failures="0" tests="4" name="com.SwagLabs.TestCase.InventoryPageTest" time="0.443" errors="0" timestamp="2023-08-07T20:49:51 IST" skipped="0">
  <testcase classname="com.SwagLabs.TestCase.InventoryPageTest" name="verifyTitle" time="0.022"/>
  <system-out/>
  <testcase classname="com.SwagLabs.TestCase.InventoryPageTest" name="verifyTotalProducts" time="0.039"/>
  <system-out/>
  <testcase classname="com.SwagLabs.TestCase.InventoryPageTest" name="VerifyProductName" time="0.140"/>
  <system-out/>
  <testcase classname="com.SwagLabs.TestCase.InventoryPageTest" name="verifyAddToCart" time="0.242"/>
  <system-out/>
</testsuite> <!-- com.SwagLabs.TestCase.InventoryPageTest -->
