<?xml version="1.0" encoding="UTF-8"?>
<!-- Generated by org.testng.reporters.JUnitReportReporter -->
<testsuite hostname="LAPTOP-5KMFOFH9" failures="0" tests="2" name="com.SwagLabs.TestCase.LoginPageTest" time="0.418" errors="0" timestamp="2023-08-04T21:06:49 IST" skipped="0">
  <testcase classname="com.SwagLabs.TestCase.LoginPageTest" name="verifyTitle" time="0.014"/>
  <system-out/>
  <testcase classname="com.SwagLabs.TestCase.LoginPageTest" name="loginTest" time="0.404"/>
  <system-out/>
</testsuite> <!-- com.SwagLabs.TestCase.LoginPageTest -->
