<?xml version="1.0" encoding="UTF-8"?>
<!-- Generated by org.testng.reporters.JUnitReportReporter -->
<testsuite hostname="LAPTOP-5KMFOFH9" failures="0" tests="2" name="com.SwagLabs.TestCase.CheckOuPageTest" time="0.650" errors="0" timestamp="2023-08-08T20:23:00 IST" skipped="1">
  <testcase classname="com.SwagLabs.TestCase.CheckOuPageTest" name="verifyCheckoutProcess" time="0.650"/>
  <system-out/>
  <testcase classname="com.SwagLabs.TestCase.CheckOuPageTest" name="verifyCancelProcess">
    <skipped/>
  </testcase> <!-- verifyCancelProcess -->
  <system-out/>
</testsuite> <!-- com.SwagLabs.TestCase.CheckOuPageTest -->
