<?xml version="1.0" encoding="UTF-8"?>
<!-- Generated by org.testng.reporters.JUnitReportReporter -->
<testsuite hostname="LAPTOP-5KMFOFH9" failures="0" tests="2" name="com.SwagLabs.TestCase.AddToCatPageTest" time="0.129" errors="0" timestamp="2023-08-07T21:04:33 IST" skipped="0">
  <testcase classname="com.SwagLabs.TestCase.AddToCatPageTest" name="verifyTitle" time="0.026"/>
  <system-out/>
  <testcase classname="com.SwagLabs.TestCase.AddToCatPageTest" name="verifyCheckOut" time="0.103"/>
  <system-out/>
</testsuite> <!-- com.SwagLabs.TestCase.AddToCatPageTest -->
